[02:23:45] [Server thread/INFO]: Starting minecraft server version 1.8
[02:23:45] [Server thread/INFO]: Loading properties
[02:23:45] [Server thread/INFO]: Default game type: SURVIVAL
[02:23:45] [Server thread/INFO]: Generating keypair
[02:23:47] [Server thread/INFO]: Starting Minecraft server on 192.168.0.105:25565
[02:23:49] [Server thread/INFO]: This server is running CraftBukkit version git-Bukkit-bc03b6f (MC: 1.8) (Implementing API version 1.8-R0.1-SNAPSHOT)
[02:23:51] [Server thread/INFO]: [ViaVersion] Loading ViaVersion v1.5.1
[02:23:52] [Server thread/INFO]: [ViaVersion] ViaVersion 1.5.1 is now loaded, injecting!
[02:23:53] [Server thread/INFO]: [ViaVersion] Loading block mapping...
[02:23:56] [Server thread/INFO]: [ViaVersion] Loading item mapping...
[02:23:56] [Server thread/INFO]: [ViaVersion] Loading new tags...
[02:23:56] [Server thread/INFO]: [ViaVersion] Loading enchantments...
[02:23:56] [Server thread/INFO]: [ViaVersion] Loading sound mapping...
[02:23:56] [Server thread/INFO]: [Essentials] Loading Essentials v2.15.0.1
[02:23:56] [Server thread/INFO]: [EssentialsChat] Loading EssentialsChat v2.15.0.1
[02:23:56] [Server thread/INFO]: [EssentialsSpawn] Loading EssentialsSpawn v2.15.0.1
[02:23:56] [Server thread/WARN]: **** SERVER IS RUNNING IN OFFLINE/INSECURE MODE!
[02:23:56] [Server thread/WARN]: The server will make no attempt to authenticate usernames. Beware.
[02:23:56] [Server thread/WARN]: While this makes the game possible to play without internet access, it also opens up the ability for hackers to connect with any username they choose.
[02:23:56] [Server thread/WARN]: To change this, set "online-mode" to "true" in the server.properties file.
[02:23:57] [Server thread/INFO]: Preparing level "world"
[02:23:58] [Server thread/INFO]: Preparing start region for level 0 (Seed: 7279931851898697149)
[02:23:59] [Server thread/INFO]: Preparing spawn area: 0%
[02:24:00] [Server thread/INFO]: Preparing spawn area: 1%
[02:24:01] [Server thread/INFO]: Preparing spawn area: 8%
[02:24:02] [Server thread/INFO]: Preparing spawn area: 18%
[02:24:03] [Server thread/INFO]: Preparing spawn area: 37%
[02:24:04] [Server thread/INFO]: Preparing spawn area: 53%
[02:24:05] [Server thread/INFO]: Preparing spawn area: 66%
[02:24:06] [Server thread/INFO]: Preparing spawn area: 81%
[02:24:08] [Server thread/INFO]: Preparing spawn area: 93%
[02:24:09] [Server thread/INFO]: Preparing spawn area: 94%
[02:24:10] [Server thread/INFO]: Preparing start region for level 1 (Seed: 7279931851898697149)
[02:24:12] [Server thread/INFO]: Preparing spawn area: 0%
[02:24:14] [Server thread/INFO]: Preparing spawn area: 1%
[02:24:15] [Server thread/INFO]: Preparing spawn area: 10%
[02:24:16] [Server thread/INFO]: Preparing spawn area: 34%
[02:24:18] [Server thread/INFO]: Preparing spawn area: 48%
[02:24:21] [Server thread/INFO]: Preparing spawn area: 50%
[02:24:22] [Server thread/INFO]: Preparing spawn area: 55%
[02:24:23] [Server thread/INFO]: Preparing spawn area: 92%
[02:24:23] [Server thread/INFO]: Preparing start region for level 2 (Seed: 7279931851898697149)
[02:24:24] [Server thread/INFO]: Preparing spawn area: 12%
[02:24:25] [Server thread/INFO]: Preparing spawn area: 43%
[02:24:26] [Server thread/INFO]: Preparing spawn area: 82%
[02:24:27] [Server thread/INFO]: [ViaVersion] Enabling ViaVersion v1.5.1
[02:24:27] [Server thread/INFO]: [ViaVersion] You have anti-xray on in your config, since you're not using spigot it won't fix xray!
[02:24:27] [Server thread/INFO]: [Essentials] Enabling Essentials v2.15.0.1
[02:24:27] [Server thread/INFO]: Creating config from template: C:\Users\Mohammad\Desktop\serv\plugins\Essentials\config.yml
[02:24:28] [Server thread/INFO]: Creating config from template: C:\Users\Mohammad\Desktop\serv\plugins\Essentials\kits.yml
[02:24:28] [Server thread/INFO]: Attempting to convert old kits in config.yml to new kits.yml
[02:24:28] [Server thread/INFO]: No kits found to migrate.
[02:24:28] [Server thread/INFO]: [Essentials] Starting Essentials ban format conversion
[02:24:28] [Server thread/INFO]: [Essentials] Starting usermap repair
[02:24:28] [Server thread/WARN]: [Essentials] Missing userdata folder, aborting
[02:24:28] [pool-4-thread-1/INFO]: Creating empty config: C:\Users\Mohammad\Desktop\serv\plugins\Essentials\upgrades-done.yml
[02:24:28] [Server thread/INFO]: Creating config from template: C:\Users\Mohammad\Desktop\serv\plugins\Essentials\worth.yml
[02:24:28] [Server thread/INFO]: [Essentials] Using CraftBukkit 1.8 NMS-based provider as mob spawner provider.
[02:24:28] [Server thread/INFO]: [Essentials] Using legacy item data provider as spawn egg provider.
[02:24:29] [Server thread/INFO]: [Essentials] Using legacy potion meta provider as potion meta provider.
[02:24:30] [Server thread/INFO]: Using locale en_US
[02:24:30] [Server thread/INFO]: [Essentials] Using Spigot 1.7.10+ ServerListPingEvent iterator
[02:24:31] [Server thread/INFO]: [Essentials] Starting Metrics. Opt-out using the global bStats config.
[02:24:31] [Server thread/INFO]: [Essentials] Using superperms-based permissions.
[02:24:31] [Server thread/INFO]: [EssentialsChat] Enabling EssentialsChat v2.15.0.1
[02:24:31] [Server thread/INFO]: [EssentialsSpawn] Enabling EssentialsSpawn v2.15.0.1
[02:24:31] [Server thread/INFO]: Server permissions file permissions.yml is empty, ignoring it
[02:24:31] [Server thread/INFO]: Done (34.911s)! For help, type "help" or "?"
[02:24:31] [Server thread/INFO]: [ViaVersion] ViaVersion detected server version: 1.8.x(47)
[02:24:36] [Server thread/WARN]: Can't keep up! Did the system time change, or is the server overloaded? Running 3782ms behind, skipping 75 tick(s)
[02:24:57] [Server thread/WARN]: Can't keep up! Did the system time change, or is the server overloaded? Running 5873ms behind, skipping 117 tick(s)
[02:29:46] [Server thread/WARN]: Can't keep up! Did the system time change, or is the server overloaded? Running 9365ms behind, skipping 187 tick(s)
[02:34:48] [Server thread/WARN]: Can't keep up! Did the system time change, or is the server overloaded? Running 3334ms behind, skipping 66 tick(s)
[02:39:48] [Server thread/WARN]: Can't keep up! Did the system time change, or is the server overloaded? Running 2448ms behind, skipping 48 tick(s)
[02:44:49] [Server thread/WARN]: Can't keep up! Did the system time change, or is the server overloaded? Running 2844ms behind, skipping 56 tick(s)
[02:54:49] [Server thread/WARN]: Can't keep up! Did the system time change, or is the server overloaded? Running 2216ms behind, skipping 44 tick(s)
[02:59:51] [Server thread/WARN]: Can't keep up! Did the system time change, or is the server overloaded? Running 3925ms behind, skipping 78 tick(s)
